#
# A fatal error has been detected by the Java Runtime Environment:
#
# java.lang.OutOfMemoryError: requested 45056 bytes for card table expansion. Out of swap space?
#
#  Internal Error (cardTableModRefBS.cpp:277), pid=31808, tid=32916
#  Error: card table expansion
#
# JRE version: 6.0_22-b04
# Java VM: Java HotSpot(TM) Client VM (17.1-b03 mixed mode, sharing windows-x86 )
# If you would like to submit a bug report, please visit:
#   http://java.sun.com/webapps/bugreport/crash.jsp
#

---------------  T H R E A D  ---------------

Current thread (0x00986800):  JavaThread "Unknown thread" [_thread_in_vm, id=32916, stack(0x00a20000,0x00a70000)]

Stack: [0x00a20000,0x00a70000],  sp=0x00a6fb34,  free space=13e00a6fb44k
Native frames: (J=compiled Java code, j=interpreted, Vv=VM code, C=native code)
V  [jvm.dll+0x1fd0f0]
V  [jvm.dll+0xa471c]
V  [jvm.dll+0x62a20]
V  [jvm.dll+0x6335e]
V  [jvm.dll+0x85b55]
V  [jvm.dll+0x19069d]
V  [jvm.dll+0xd1932]
V  [jvm.dll+0xcc614]
V  [jvm.dll+0x1eb7d8]
V  [jvm.dll+0xdb644]
V  [jvm.dll+0x1e6668]
V  [jvm.dll+0x1065b0]
C  [javaw.exe+0x1657]
C  [javaw.exe+0x1e2c]
C  [javaw.exe+0x8614]
C  [kernel32.dll+0xb729]


---------------  P R O C E S S  ---------------

Java Threads: ( => current thread )

Other Threads:

=>0x00986800 (exited) JavaThread "Unknown thread" [_thread_in_vm, id=32916, stack(0x00a20000,0x00a70000)]

VM state:not at safepoint (not fully initialized)

VM Mutex/Monitor currently owned by a thread: None

Dynamic libraries:
0x00400000 - 0x00436000 	C:\Program Files\Java\jdk1.6.0_22\bin\javaw.exe
0x7c900000 - 0x7c9b2000 	C:\WINDOWS\system32\ntdll.dll
0x7c800000 - 0x7c8f6000 	C:\WINDOWS\system32\kernel32.dll
0x77dd0000 - 0x77e6b000 	C:\WINDOWS\system32\ADVAPI32.dll
0x77e70000 - 0x77f02000 	C:\WINDOWS\system32\RPCRT4.dll
0x77fe0000 - 0x77ff1000 	C:\WINDOWS\system32\Secur32.dll
0x7e410000 - 0x7e4a1000 	C:\WINDOWS\system32\USER32.dll
0x77f10000 - 0x77f59000 	C:\WINDOWS\system32\GDI32.dll
0x76390000 - 0x763ad000 	C:\WINDOWS\system32\IMM32.DLL
0x629c0000 - 0x629c9000 	C:\WINDOWS\system32\LPK.DLL
0x74d90000 - 0x74dfb000 	C:\WINDOWS\system32\USP10.dll
0x7c340000 - 0x7c396000 	C:\Program Files\Java\jdk1.6.0_22\jre\bin\msvcr71.dll
0x6d8a0000 - 0x6db47000 	C:\Program Files\Java\jdk1.6.0_22\jre\bin\client\jvm.dll
0x76b40000 - 0x76b6d000 	C:\WINDOWS\system32\WINMM.dll
0x6d850000 - 0x6d85c000 	C:\Program Files\Java\jdk1.6.0_22\jre\bin\verify.dll
0x6d3d0000 - 0x6d3ef000 	C:\Program Files\Java\jdk1.6.0_22\jre\bin\java.dll
0x6d330000 - 0x6d338000 	C:\Program Files\Java\jdk1.6.0_22\jre\bin\hpi.dll
0x76bf0000 - 0x76bfb000 	C:\WINDOWS\system32\PSAPI.DLL
0x6d890000 - 0x6d89f000 	C:\Program Files\Java\jdk1.6.0_22\jre\bin\zip.dll

VM Arguments:
jvm_args: -Dfile.encoding=Cp1252 
java_command: GUI.ControlPanel
Launcher Type: SUN_STANDARD

Environment Variables:
CLASSPATH=.;:;C:\Program Files\JavaFX\javafx-sdk1.3\bin;C:\Program Files\JavaFX\javafx-sdk1.2\bin
PATH=C:/Program Files/Java/jre6/bin/client;C:/Program Files/Java/jre6/bin;C:/Program Files/Java/jre6/lib/i386;C:\Program Files\JavaFX\javafx-sdk1.2\bin;C:\Program Files\JavaFX\javafx-sdk1.2\emulator\bin;C:\Program Files\Common Files\Borland Shared\BDE\;C:\Program Files\Borland\BDS\2.0\Bin;C:\Program Files\JavaFX\javafx-sdk1.3\bin;C:\Program Files\JavaFX\javafx-sdk1.3\emulator\bin;C:\Program Files\Borland\Delphi7\Bin;C:\Program Files\Borland\Delphi7\Projects\Bpl\;C:\WINDOWS\system32;C:\WINDOWS;C:\WINDOWS\System32\Wbem;c:\matlab6p5\bin\win32;C:\Program Files\MySQL\MySQL Server 5.0\bin;C:\Nokia\Update_Manager\bin;C:\Nokia\Update_Manager\bin;C:\AppServ\Apache2.2\bin;C:\AppServ\php5;C:\AppServ\MySQL\bin
USERNAME=acer
OS=Windows_NT
PROCESSOR_IDENTIFIER=x86 Family 6 Model 28 Stepping 2, GenuineIntel



---------------  S Y S T E M  ---------------

OS: Windows XP Build 2600 Service Pack 3

CPU:total 2 (1 cores per cpu, 2 threads per core) family 6 model 28 stepping 2, cmov, cx8, fxsr, mmx, sse, sse2, sse3, ssse3, ht

Memory: 4k page, physical 1036164k(125740k free), swap 2536676k(5160k free)

vm_info: Java HotSpot(TM) Client VM (17.1-b03) for windows-x86 JRE (1.6.0_22-b04), built on Sep 15 2010 00:56:36 by "java_re" with MS VC++ 7.1 (VS2003)

time: Mon Feb 28 03:50:03 2011
elapsed time: 0 seconds

